c:\proyectos\ut-hub\tercero\computaciongrafica\computaciongrafica\computacion_gl\x64\debug\vc143.pdb
c:\proyectos\ut-hub\tercero\computaciongrafica\computaciongrafica\computacion_gl\x64\debug\vc143.idb
c:\proyectos\ut-hub\tercero\computaciongrafica\computaciongrafica\computacion_gl\x64\debug\stb.obj
c:\proyectos\ut-hub\tercero\computaciongrafica\computaciongrafica\computacion_gl\x64\debug\main.obj
c:\proyectos\ut-hub\tercero\computaciongrafica\computaciongrafica\computacion_gl\x64\debug\camera.obj
c:\proyectos\ut-hub\tercero\computaciongrafica\computaciongrafica\computacion_gl\x64\debug\glad.obj
c:\proyectos\ut-hub\tercero\computaciongrafica\computaciongrafica\computacion_gl\x64\debug\mesh.obj
c:\proyectos\ut-hub\tercero\computaciongrafica\computaciongrafica\computacion_gl\x64\debug\shaderprogram.obj
c:\proyectos\ut-hub\tercero\computaciongrafica\computaciongrafica\computacion_gl\x64\debug\shader.obj
c:\proyectos\ut-hub\tercero\computaciongrafica\computaciongrafica\computacion_gl\x64\debug\object.obj
c:\proyectos\ut-hub\tercero\computaciongrafica\computaciongrafica\computacion_gl\x64\debug\texture.obj
c:\proyectos\ut-hub\tercero\computaciongrafica\computaciongrafica\computacion_gl\x64\debug\computaciongl.exe
c:\proyectos\ut-hub\tercero\computaciongrafica\computaciongrafica\computacion_gl\x64\debug\computaciongl.ilk
c:\proyectos\ut-hub\tercero\computaciongrafica\computaciongrafica\computacion_gl\x64\debug\computaciongl.pdb
c:\proyectos\ut-hub\tercero\computaciongrafica\computaciongrafica\computacion_gl\x64\debug\computaciongl.tlog\cl.command.1.tlog
c:\proyectos\ut-hub\tercero\computaciongrafica\computaciongrafica\computacion_gl\x64\debug\computaciongl.tlog\cl.items.tlog
c:\proyectos\ut-hub\tercero\computaciongrafica\computaciongrafica\computacion_gl\x64\debug\computaciongl.tlog\cl.read.1.tlog
c:\proyectos\ut-hub\tercero\computaciongrafica\computaciongrafica\computacion_gl\x64\debug\computaciongl.tlog\cl.write.1.tlog
c:\proyectos\ut-hub\tercero\computaciongrafica\computaciongrafica\computacion_gl\x64\debug\computaciongl.tlog\link.command.1.tlog
c:\proyectos\ut-hub\tercero\computaciongrafica\computaciongrafica\computacion_gl\x64\debug\computaciongl.tlog\link.read.1.tlog
c:\proyectos\ut-hub\tercero\computaciongrafica\computaciongrafica\computacion_gl\x64\debug\computaciongl.tlog\link.write.1.tlog
